2023-10-03T10:25:37.709+05:30  INFO 1804 --- [main] com.example.demo.DemoApplication         : Starting DemoApplication using Java 17.0.8.1 with PID 1804 (C:\Users\DevanshuVerma\Documents\BE\first demo\demo\target\classes started by DevanshuVerma in C:\Users\DevanshuVerma\Documents\BE\first demo)
2023-10-03T10:25:37.722+05:30  INFO 1804 --- [main] com.example.demo.DemoApplication         : No active profile set, falling back to 1 default profile: "default"
2023-10-03T10:25:38.972+05:30  INFO 1804 --- [main] .s.d.r.c.RepositoryConfigurationDelegate : Multiple Spring Data modules found, entering strict repository configuration mode
2023-10-03T10:25:38.975+05:30  INFO 1804 --- [main] .s.d.r.c.RepositoryConfigurationDelegate : Bootstrapping Spring Data MongoDB repositories in DEFAULT mode.
2023-10-03T10:25:39.067+05:30  INFO 1804 --- [main] .s.d.r.c.RepositoryConfigurationDelegate : Finished Spring Data repository scanning in 84 ms. Found 1 MongoDB repository interfaces.
2023-10-03T10:25:39.847+05:30  INFO 1804 --- [main] o.s.b.w.embedded.tomcat.TomcatWebServer  : Tomcat initialized with port(s): 8080 (http)
2023-10-03T10:25:39.858+05:30  INFO 1804 --- [main] o.apache.catalina.core.StandardService   : Starting service [Tomcat]
2023-10-03T10:25:39.859+05:30  INFO 1804 --- [main] o.apache.catalina.core.StandardEngine    : Starting Servlet engine: [Apache Tomcat/10.1.13]
2023-10-03T10:25:40.029+05:30  INFO 1804 --- [main] o.a.c.c.C.[.[localhost].[/products]      : Initializing Spring embedded WebApplicationContext
2023-10-03T10:25:40.030+05:30  INFO 1804 --- [main] w.s.c.ServletWebServerApplicationContext : Root WebApplicationContext: initialization completed in 2200 ms
2023-10-03T10:25:40.423+05:30  INFO 1804 --- [main] org.mongodb.driver.client                : MongoClient with metadata {"driver": {"name": "mongo-java-driver|sync|spring-boot", "version": "4.9.1"}, "os": {"type": "Windows", "name": "Windows 11", "architecture": "amd64", "version": "10.0"}, "platform": "Java/Amazon.com Inc./17.0.8.1+8-LTS"} created with settings MongoClientSettings{readPreference=primary, writeConcern=WriteConcern{w=null, wTimeout=null ms, journal=null}, retryWrites=true, retryReads=true, readConcern=ReadConcern{level=null}, credential=null, streamFactoryFactory=null, commandListeners=[], codecRegistry=ProvidersCodecRegistry{codecProviders=[ValueCodecProvider{}, BsonValueCodecProvider{}, DBRefCodecProvider{}, DBObjectCodecProvider{}, DocumentCodecProvider{}, CollectionCodecProvider{}, IterableCodecProvider{}, MapCodecProvider{}, GeoJsonCodecProvider{}, GridFSFileCodecProvider{}, Jsr310CodecProvider{}, JsonObjectCodecProvider{}, BsonCodecProvider{}, EnumCodecProvider{}, com.mongodb.client.model.mql.ExpressionCodecProvider@493ac8d3, com.mongodb.Jep395RecordCodecProvider@13dbed9e]}, loggerSettings=LoggerSettings{maxDocumentLength=1000}, clusterSettings={hosts=[localhost:27017], srvServiceName=mongodb, mode=SINGLE, requiredClusterType=UNKNOWN, requiredReplicaSetName='null', serverSelector='null', clusterListeners='[]', serverSelectionTimeout='30000 ms', localThreshold='30000 ms'}, socketSettings=SocketSettings{connectTimeoutMS=10000, readTimeoutMS=0, receiveBufferSize=0, sendBufferSize=0}, heartbeatSocketSettings=SocketSettings{connectTimeoutMS=10000, readTimeoutMS=10000, receiveBufferSize=0, sendBufferSize=0}, connectionPoolSettings=ConnectionPoolSettings{maxSize=100, minSize=0, maxWaitTimeMS=120000, maxConnectionLifeTimeMS=0, maxConnectionIdleTimeMS=0, maintenanceInitialDelayMS=0, maintenanceFrequencyMS=60000, connectionPoolListeners=[], maxConnecting=2}, serverSettings=ServerSettings{heartbeatFrequencyMS=10000, minHeartbeatFrequencyMS=500, serverListeners='[]', serverMonitorListeners='[]'}, sslSettings=SslSettings{enabled=false, invalidHostNameAllowed=false, context=null}, applicationName='null', compressorList=[], uuidRepresentation=JAVA_LEGACY, serverApi=null, autoEncryptionSettings=null, contextProvider=null}
2023-10-03T10:25:40.494+05:30  INFO 1804 --- [cluster-ClusterId{value='651b9ecc5a36f22e828d167f', description='null'}-localhost:27017] org.mongodb.driver.cluster               : Monitor thread successfully connected to server with description ServerDescription{address=localhost:27017, type=STANDALONE, state=CONNECTED, ok=true, minWireVersion=0, maxWireVersion=21, maxDocumentSize=16777216, logicalSessionTimeoutMinutes=30, roundTripTimeNanos=66422000}
2023-10-03T10:25:41.174+05:30  INFO 1804 --- [main] o.s.b.a.w.s.WelcomePageHandlerMapping    : Adding welcome page: class path resource [static/index.html]
2023-10-03T10:25:41.398+05:30  INFO 1804 --- [main] o.s.b.w.embedded.tomcat.TomcatWebServer  : Tomcat started on port(s): 8080 (http) with context path '/products'
2023-10-03T10:25:41.410+05:30  INFO 1804 --- [main] com.example.demo.DemoApplication         : Started DemoApplication in 4.458 seconds (process running for 5.33)
2023-10-03T10:25:42.311+05:30  INFO 1804 --- [http-nio-8080-exec-1] o.a.c.c.C.[.[localhost].[/products]      : Initializing Spring DispatcherServlet 'dispatcherServlet'
2023-10-03T10:25:42.312+05:30  INFO 1804 --- [http-nio-8080-exec-1] o.s.web.servlet.DispatcherServlet        : Initializing Servlet 'dispatcherServlet'
2023-10-03T10:25:42.313+05:30  INFO 1804 --- [http-nio-8080-exec-1] o.s.web.servlet.DispatcherServlet        : Completed initialization in 1 ms
2023-10-03T10:25:42.681+05:30  INFO 1804 --- [http-nio-8080-exec-1] c.example.demo.service.ProductsService   : List of products with size 4 returned
2023-10-03T10:28:15.832+05:30  INFO 19232 --- [main] com.example.demo.DemoApplication         : Starting DemoApplication using Java 17.0.8.1 with PID 19232 (C:\Users\DevanshuVerma\Documents\BE\first demo\demo\target\classes started by DevanshuVerma in C:\Users\DevanshuVerma\Documents\BE\first demo)
2023-10-03T10:28:15.835+05:30  INFO 19232 --- [main] com.example.demo.DemoApplication         : No active profile set, falling back to 1 default profile: "default"
2023-10-03T10:28:16.559+05:30  INFO 19232 --- [main] .s.d.r.c.RepositoryConfigurationDelegate : Multiple Spring Data modules found, entering strict repository configuration mode
2023-10-03T10:28:16.561+05:30  INFO 19232 --- [main] .s.d.r.c.RepositoryConfigurationDelegate : Bootstrapping Spring Data MongoDB repositories in DEFAULT mode.
2023-10-03T10:28:16.641+05:30  INFO 19232 --- [main] .s.d.r.c.RepositoryConfigurationDelegate : Finished Spring Data repository scanning in 71 ms. Found 1 MongoDB repository interfaces.
2023-10-03T10:28:17.196+05:30  INFO 19232 --- [main] o.s.b.w.embedded.tomcat.TomcatWebServer  : Tomcat initialized with port(s): 8080 (http)
2023-10-03T10:28:17.205+05:30  INFO 19232 --- [main] o.apache.catalina.core.StandardService   : Starting service [Tomcat]
2023-10-03T10:28:17.205+05:30  INFO 19232 --- [main] o.apache.catalina.core.StandardEngine    : Starting Servlet engine: [Apache Tomcat/10.1.13]
2023-10-03T10:28:17.323+05:30  INFO 19232 --- [main] o.a.c.c.C.[.[localhost].[/products]      : Initializing Spring embedded WebApplicationContext
2023-10-03T10:28:17.324+05:30  INFO 19232 --- [main] w.s.c.ServletWebServerApplicationContext : Root WebApplicationContext: initialization completed in 1420 ms
2023-10-03T10:28:17.544+05:30  INFO 19232 --- [main] org.mongodb.driver.client                : MongoClient with metadata {"driver": {"name": "mongo-java-driver|sync|spring-boot", "version": "4.9.1"}, "os": {"type": "Windows", "name": "Windows 11", "architecture": "amd64", "version": "10.0"}, "platform": "Java/Amazon.com Inc./17.0.8.1+8-LTS"} created with settings MongoClientSettings{readPreference=primary, writeConcern=WriteConcern{w=null, wTimeout=null ms, journal=null}, retryWrites=true, retryReads=true, readConcern=ReadConcern{level=null}, credential=null, streamFactoryFactory=null, commandListeners=[], codecRegistry=ProvidersCodecRegistry{codecProviders=[ValueCodecProvider{}, BsonValueCodecProvider{}, DBRefCodecProvider{}, DBObjectCodecProvider{}, DocumentCodecProvider{}, CollectionCodecProvider{}, IterableCodecProvider{}, MapCodecProvider{}, GeoJsonCodecProvider{}, GridFSFileCodecProvider{}, Jsr310CodecProvider{}, JsonObjectCodecProvider{}, BsonCodecProvider{}, EnumCodecProvider{}, com.mongodb.client.model.mql.ExpressionCodecProvider@480b57e2, com.mongodb.Jep395RecordCodecProvider@40f35e52]}, loggerSettings=LoggerSettings{maxDocumentLength=1000}, clusterSettings={hosts=[localhost:27017], srvServiceName=mongodb, mode=SINGLE, requiredClusterType=UNKNOWN, requiredReplicaSetName='null', serverSelector='null', clusterListeners='[]', serverSelectionTimeout='30000 ms', localThreshold='30000 ms'}, socketSettings=SocketSettings{connectTimeoutMS=10000, readTimeoutMS=0, receiveBufferSize=0, sendBufferSize=0}, heartbeatSocketSettings=SocketSettings{connectTimeoutMS=10000, readTimeoutMS=10000, receiveBufferSize=0, sendBufferSize=0}, connectionPoolSettings=ConnectionPoolSettings{maxSize=100, minSize=0, maxWaitTimeMS=120000, maxConnectionLifeTimeMS=0, maxConnectionIdleTimeMS=0, maintenanceInitialDelayMS=0, maintenanceFrequencyMS=60000, connectionPoolListeners=[], maxConnecting=2}, serverSettings=ServerSettings{heartbeatFrequencyMS=10000, minHeartbeatFrequencyMS=500, serverListeners='[]', serverMonitorListeners='[]'}, sslSettings=SslSettings{enabled=false, invalidHostNameAllowed=false, context=null}, applicationName='null', compressorList=[], uuidRepresentation=JAVA_LEGACY, serverApi=null, autoEncryptionSettings=null, contextProvider=null}
2023-10-03T10:28:17.569+05:30  INFO 19232 --- [cluster-ClusterId{value='651b9f696e667921f19ec382', description='null'}-localhost:27017] org.mongodb.driver.cluster               : Monitor thread successfully connected to server with description ServerDescription{address=localhost:27017, type=STANDALONE, state=CONNECTED, ok=true, minWireVersion=0, maxWireVersion=21, maxDocumentSize=16777216, logicalSessionTimeoutMinutes=30, roundTripTimeNanos=20700100}
2023-10-03T10:28:18.084+05:30  INFO 19232 --- [main] o.s.b.a.w.s.WelcomePageHandlerMapping    : Adding welcome page: class path resource [static/index.html]
2023-10-03T10:28:18.249+05:30  INFO 19232 --- [main] o.s.b.w.embedded.tomcat.TomcatWebServer  : Tomcat started on port(s): 8080 (http) with context path '/products'
2023-10-03T10:28:18.259+05:30  INFO 19232 --- [main] com.example.demo.DemoApplication         : Started DemoApplication in 2.931 seconds (process running for 3.438)
2023-10-03T10:28:20.725+05:30  INFO 19232 --- [http-nio-8080-exec-2] o.a.c.c.C.[.[localhost].[/products]      : Initializing Spring DispatcherServlet 'dispatcherServlet'
2023-10-03T10:28:20.726+05:30  INFO 19232 --- [http-nio-8080-exec-2] o.s.web.servlet.DispatcherServlet        : Initializing Servlet 'dispatcherServlet'
2023-10-03T10:28:20.726+05:30  INFO 19232 --- [http-nio-8080-exec-2] o.s.web.servlet.DispatcherServlet        : Completed initialization in 0 ms
2023-10-03T10:28:21.090+05:30  INFO 19232 --- [http-nio-8080-exec-2] c.example.demo.service.ProductsService   : List of products with size 4 returned
2023-10-03T10:29:10.117+05:30  INFO 328 --- [main] com.example.demo.DemoApplication         : Starting DemoApplication using Java 17.0.8.1 with PID 328 (C:\Users\DevanshuVerma\Documents\BE\first demo\demo\target\classes started by DevanshuVerma in C:\Users\DevanshuVerma\Documents\BE\first demo)
2023-10-03T10:29:10.121+05:30  INFO 328 --- [main] com.example.demo.DemoApplication         : No active profile set, falling back to 1 default profile: "default"
2023-10-03T10:29:10.845+05:30  INFO 328 --- [main] .s.d.r.c.RepositoryConfigurationDelegate : Multiple Spring Data modules found, entering strict repository configuration mode
2023-10-03T10:29:10.846+05:30  INFO 328 --- [main] .s.d.r.c.RepositoryConfigurationDelegate : Bootstrapping Spring Data MongoDB repositories in DEFAULT mode.
2023-10-03T10:29:10.911+05:30  INFO 328 --- [main] .s.d.r.c.RepositoryConfigurationDelegate : Finished Spring Data repository scanning in 59 ms. Found 1 MongoDB repository interfaces.
2023-10-03T10:29:11.460+05:30  INFO 328 --- [main] o.s.b.w.embedded.tomcat.TomcatWebServer  : Tomcat initialized with port(s): 8080 (http)
2023-10-03T10:29:11.469+05:30  INFO 328 --- [main] o.apache.catalina.core.StandardService   : Starting service [Tomcat]
2023-10-03T10:29:11.469+05:30  INFO 328 --- [main] o.apache.catalina.core.StandardEngine    : Starting Servlet engine: [Apache Tomcat/10.1.13]
2023-10-03T10:29:11.579+05:30  INFO 328 --- [main] o.a.c.c.C.[.[localhost].[/products]      : Initializing Spring embedded WebApplicationContext
2023-10-03T10:29:11.579+05:30  INFO 328 --- [main] w.s.c.ServletWebServerApplicationContext : Root WebApplicationContext: initialization completed in 1389 ms
2023-10-03T10:29:11.778+05:30  INFO 328 --- [main] org.mongodb.driver.client                : MongoClient with metadata {"driver": {"name": "mongo-java-driver|sync|spring-boot", "version": "4.9.1"}, "os": {"type": "Windows", "name": "Windows 11", "architecture": "amd64", "version": "10.0"}, "platform": "Java/Amazon.com Inc./17.0.8.1+8-LTS"} created with settings MongoClientSettings{readPreference=primary, writeConcern=WriteConcern{w=null, wTimeout=null ms, journal=null}, retryWrites=true, retryReads=true, readConcern=ReadConcern{level=null}, credential=null, streamFactoryFactory=null, commandListeners=[], codecRegistry=ProvidersCodecRegistry{codecProviders=[ValueCodecProvider{}, BsonValueCodecProvider{}, DBRefCodecProvider{}, DBObjectCodecProvider{}, DocumentCodecProvider{}, CollectionCodecProvider{}, IterableCodecProvider{}, MapCodecProvider{}, GeoJsonCodecProvider{}, GridFSFileCodecProvider{}, Jsr310CodecProvider{}, JsonObjectCodecProvider{}, BsonCodecProvider{}, EnumCodecProvider{}, com.mongodb.client.model.mql.ExpressionCodecProvider@5d1e0fbb, com.mongodb.Jep395RecordCodecProvider@2eed37f4]}, loggerSettings=LoggerSettings{maxDocumentLength=1000}, clusterSettings={hosts=[localhost:27017], srvServiceName=mongodb, mode=SINGLE, requiredClusterType=UNKNOWN, requiredReplicaSetName='null', serverSelector='null', clusterListeners='[]', serverSelectionTimeout='30000 ms', localThreshold='30000 ms'}, socketSettings=SocketSettings{connectTimeoutMS=10000, readTimeoutMS=0, receiveBufferSize=0, sendBufferSize=0}, heartbeatSocketSettings=SocketSettings{connectTimeoutMS=10000, readTimeoutMS=10000, receiveBufferSize=0, sendBufferSize=0}, connectionPoolSettings=ConnectionPoolSettings{maxSize=100, minSize=0, maxWaitTimeMS=120000, maxConnectionLifeTimeMS=0, maxConnectionIdleTimeMS=0, maintenanceInitialDelayMS=0, maintenanceFrequencyMS=60000, connectionPoolListeners=[], maxConnecting=2}, serverSettings=ServerSettings{heartbeatFrequencyMS=10000, minHeartbeatFrequencyMS=500, serverListeners='[]', serverMonitorListeners='[]'}, sslSettings=SslSettings{enabled=false, invalidHostNameAllowed=false, context=null}, applicationName='null', compressorList=[], uuidRepresentation=JAVA_LEGACY, serverApi=null, autoEncryptionSettings=null, contextProvider=null}
2023-10-03T10:29:11.800+05:30  INFO 328 --- [cluster-ClusterId{value='651b9f9f29e68908562a7172', description='null'}-localhost:27017] org.mongodb.driver.cluster               : Monitor thread successfully connected to server with description ServerDescription{address=localhost:27017, type=STANDALONE, state=CONNECTED, ok=true, minWireVersion=0, maxWireVersion=21, maxDocumentSize=16777216, logicalSessionTimeoutMinutes=30, roundTripTimeNanos=18323600}
2023-10-03T10:29:12.319+05:30  INFO 328 --- [main] o.s.b.a.w.s.WelcomePageHandlerMapping    : Adding welcome page: class path resource [static/index.html]
2023-10-03T10:29:12.501+05:30  INFO 328 --- [main] o.s.b.w.embedded.tomcat.TomcatWebServer  : Tomcat started on port(s): 8080 (http) with context path '/products'
2023-10-03T10:29:12.510+05:30  INFO 328 --- [main] com.example.demo.DemoApplication         : Started DemoApplication in 2.897 seconds (process running for 3.411)
2023-10-03T10:29:15.293+05:30  INFO 328 --- [http-nio-8080-exec-2] o.a.c.c.C.[.[localhost].[/products]      : Initializing Spring DispatcherServlet 'dispatcherServlet'
2023-10-03T10:29:15.293+05:30  INFO 328 --- [http-nio-8080-exec-2] o.s.web.servlet.DispatcherServlet        : Initializing Servlet 'dispatcherServlet'
2023-10-03T10:29:15.295+05:30  INFO 328 --- [http-nio-8080-exec-2] o.s.web.servlet.DispatcherServlet        : Completed initialization in 0 ms
2023-10-03T10:29:15.580+05:30  INFO 328 --- [http-nio-8080-exec-2] c.example.demo.service.ProductsService   : List of products with size 4 returned
2023-10-03T10:30:43.117+05:30  INFO 11956 --- [main] com.example.demo.DemoApplication         : Starting DemoApplication using Java 17.0.8.1 with PID 11956 (C:\Users\DevanshuVerma\Documents\BE\first demo\demo\target\classes started by DevanshuVerma in C:\Users\DevanshuVerma\Documents\BE\first demo)
2023-10-03T10:30:43.121+05:30  INFO 11956 --- [main] com.example.demo.DemoApplication         : No active profile set, falling back to 1 default profile: "default"
2023-10-03T10:30:43.952+05:30  INFO 11956 --- [main] .s.d.r.c.RepositoryConfigurationDelegate : Multiple Spring Data modules found, entering strict repository configuration mode
2023-10-03T10:30:43.954+05:30  INFO 11956 --- [main] .s.d.r.c.RepositoryConfigurationDelegate : Bootstrapping Spring Data MongoDB repositories in DEFAULT mode.
2023-10-03T10:30:44.014+05:30  INFO 11956 --- [main] .s.d.r.c.RepositoryConfigurationDelegate : Finished Spring Data repository scanning in 56 ms. Found 1 MongoDB repository interfaces.
2023-10-03T10:30:44.569+05:30  INFO 11956 --- [main] o.s.b.w.embedded.tomcat.TomcatWebServer  : Tomcat initialized with port(s): 8080 (http)
2023-10-03T10:30:44.579+05:30  INFO 11956 --- [main] o.apache.catalina.core.StandardService   : Starting service [Tomcat]
2023-10-03T10:30:44.580+05:30  INFO 11956 --- [main] o.apache.catalina.core.StandardEngine    : Starting Servlet engine: [Apache Tomcat/10.1.13]
2023-10-03T10:30:44.694+05:30  INFO 11956 --- [main] o.a.c.c.C.[.[localhost].[/products]      : Initializing Spring embedded WebApplicationContext
2023-10-03T10:30:44.695+05:30  INFO 11956 --- [main] w.s.c.ServletWebServerApplicationContext : Root WebApplicationContext: initialization completed in 1501 ms
2023-10-03T10:30:44.893+05:30  INFO 11956 --- [main] org.mongodb.driver.client                : MongoClient with metadata {"driver": {"name": "mongo-java-driver|sync|spring-boot", "version": "4.9.1"}, "os": {"type": "Windows", "name": "Windows 11", "architecture": "amd64", "version": "10.0"}, "platform": "Java/Amazon.com Inc./17.0.8.1+8-LTS"} created with settings MongoClientSettings{readPreference=primary, writeConcern=WriteConcern{w=null, wTimeout=null ms, journal=null}, retryWrites=true, retryReads=true, readConcern=ReadConcern{level=null}, credential=null, streamFactoryFactory=null, commandListeners=[], codecRegistry=ProvidersCodecRegistry{codecProviders=[ValueCodecProvider{}, BsonValueCodecProvider{}, DBRefCodecProvider{}, DBObjectCodecProvider{}, DocumentCodecProvider{}, CollectionCodecProvider{}, IterableCodecProvider{}, MapCodecProvider{}, GeoJsonCodecProvider{}, GridFSFileCodecProvider{}, Jsr310CodecProvider{}, JsonObjectCodecProvider{}, BsonCodecProvider{}, EnumCodecProvider{}, com.mongodb.client.model.mql.ExpressionCodecProvider@2b38b1f, com.mongodb.Jep395RecordCodecProvider@1d50a7ca]}, loggerSettings=LoggerSettings{maxDocumentLength=1000}, clusterSettings={hosts=[localhost:27017], srvServiceName=mongodb, mode=SINGLE, requiredClusterType=UNKNOWN, requiredReplicaSetName='null', serverSelector='null', clusterListeners='[]', serverSelectionTimeout='30000 ms', localThreshold='30000 ms'}, socketSettings=SocketSettings{connectTimeoutMS=10000, readTimeoutMS=0, receiveBufferSize=0, sendBufferSize=0}, heartbeatSocketSettings=SocketSettings{connectTimeoutMS=10000, readTimeoutMS=10000, receiveBufferSize=0, sendBufferSize=0}, connectionPoolSettings=ConnectionPoolSettings{maxSize=100, minSize=0, maxWaitTimeMS=120000, maxConnectionLifeTimeMS=0, maxConnectionIdleTimeMS=0, maintenanceInitialDelayMS=0, maintenanceFrequencyMS=60000, connectionPoolListeners=[], maxConnecting=2}, serverSettings=ServerSettings{heartbeatFrequencyMS=10000, minHeartbeatFrequencyMS=500, serverListeners='[]', serverMonitorListeners='[]'}, sslSettings=SslSettings{enabled=false, invalidHostNameAllowed=false, context=null}, applicationName='null', compressorList=[], uuidRepresentation=JAVA_LEGACY, serverApi=null, autoEncryptionSettings=null, contextProvider=null}
2023-10-03T10:30:44.915+05:30  INFO 11956 --- [cluster-ClusterId{value='651b9ffc4db8385119b4718e', description='null'}-localhost:27017] org.mongodb.driver.cluster               : Monitor thread successfully connected to server with description ServerDescription{address=localhost:27017, type=STANDALONE, state=CONNECTED, ok=true, minWireVersion=0, maxWireVersion=21, maxDocumentSize=16777216, logicalSessionTimeoutMinutes=30, roundTripTimeNanos=19496800}
2023-10-03T10:30:45.443+05:30  INFO 11956 --- [main] o.s.b.a.w.s.WelcomePageHandlerMapping    : Adding welcome page: class path resource [static/index.html]
2023-10-03T10:30:45.617+05:30  INFO 11956 --- [main] o.s.b.w.embedded.tomcat.TomcatWebServer  : Tomcat started on port(s): 8080 (http) with context path '/products'
2023-10-03T10:30:45.628+05:30  INFO 11956 --- [main] com.example.demo.DemoApplication         : Started DemoApplication in 3.011 seconds (process running for 3.511)
2023-10-03T10:30:48.312+05:30  INFO 11956 --- [http-nio-8080-exec-2] o.a.c.c.C.[.[localhost].[/products]      : Initializing Spring DispatcherServlet 'dispatcherServlet'
2023-10-03T10:30:48.313+05:30  INFO 11956 --- [http-nio-8080-exec-2] o.s.web.servlet.DispatcherServlet        : Initializing Servlet 'dispatcherServlet'
2023-10-03T10:30:48.314+05:30  INFO 11956 --- [http-nio-8080-exec-2] o.s.web.servlet.DispatcherServlet        : Completed initialization in 1 ms
2023-10-03T10:31:14.983+05:30  INFO 23808 --- [main] com.example.demo.DemoApplication         : Starting DemoApplication using Java 17.0.8.1 with PID 23808 (C:\Users\DevanshuVerma\Documents\BE\first demo\demo\target\classes started by DevanshuVerma in C:\Users\DevanshuVerma\Documents\BE\first demo)
2023-10-03T10:31:14.988+05:30  INFO 23808 --- [main] com.example.demo.DemoApplication         : No active profile set, falling back to 1 default profile: "default"
2023-10-03T10:31:15.934+05:30  INFO 23808 --- [main] .s.d.r.c.RepositoryConfigurationDelegate : Multiple Spring Data modules found, entering strict repository configuration mode
2023-10-03T10:31:15.936+05:30  INFO 23808 --- [main] .s.d.r.c.RepositoryConfigurationDelegate : Bootstrapping Spring Data MongoDB repositories in DEFAULT mode.
2023-10-03T10:31:16.015+05:30  INFO 23808 --- [main] .s.d.r.c.RepositoryConfigurationDelegate : Finished Spring Data repository scanning in 70 ms. Found 1 MongoDB repository interfaces.
2023-10-03T10:31:16.633+05:30  INFO 23808 --- [main] o.s.b.w.embedded.tomcat.TomcatWebServer  : Tomcat initialized with port(s): 8080 (http)
2023-10-03T10:31:16.650+05:30  INFO 23808 --- [main] o.apache.catalina.core.StandardService   : Starting service [Tomcat]
2023-10-03T10:31:16.651+05:30  INFO 23808 --- [main] o.apache.catalina.core.StandardEngine    : Starting Servlet engine: [Apache Tomcat/10.1.13]
2023-10-03T10:31:16.766+05:30  INFO 23808 --- [main] o.a.c.c.C.[.[localhost].[/products]      : Initializing Spring embedded WebApplicationContext
2023-10-03T10:31:16.767+05:30  INFO 23808 --- [main] w.s.c.ServletWebServerApplicationContext : Root WebApplicationContext: initialization completed in 1704 ms
2023-10-03T10:31:17.015+05:30  INFO 23808 --- [main] org.mongodb.driver.client                : MongoClient with metadata {"driver": {"name": "mongo-java-driver|sync|spring-boot", "version": "4.9.1"}, "os": {"type": "Windows", "name": "Windows 11", "architecture": "amd64", "version": "10.0"}, "platform": "Java/Amazon.com Inc./17.0.8.1+8-LTS"} created with settings MongoClientSettings{readPreference=primary, writeConcern=WriteConcern{w=null, wTimeout=null ms, journal=null}, retryWrites=true, retryReads=true, readConcern=ReadConcern{level=null}, credential=null, streamFactoryFactory=null, commandListeners=[], codecRegistry=ProvidersCodecRegistry{codecProviders=[ValueCodecProvider{}, BsonValueCodecProvider{}, DBRefCodecProvider{}, DBObjectCodecProvider{}, DocumentCodecProvider{}, CollectionCodecProvider{}, IterableCodecProvider{}, MapCodecProvider{}, GeoJsonCodecProvider{}, GridFSFileCodecProvider{}, Jsr310CodecProvider{}, JsonObjectCodecProvider{}, BsonCodecProvider{}, EnumCodecProvider{}, com.mongodb.client.model.mql.ExpressionCodecProvider@5562c2c9, com.mongodb.Jep395RecordCodecProvider@673c4f6e]}, loggerSettings=LoggerSettings{maxDocumentLength=1000}, clusterSettings={hosts=[localhost:27017], srvServiceName=mongodb, mode=SINGLE, requiredClusterType=UNKNOWN, requiredReplicaSetName='null', serverSelector='null', clusterListeners='[]', serverSelectionTimeout='30000 ms', localThreshold='30000 ms'}, socketSettings=SocketSettings{connectTimeoutMS=10000, readTimeoutMS=0, receiveBufferSize=0, sendBufferSize=0}, heartbeatSocketSettings=SocketSettings{connectTimeoutMS=10000, readTimeoutMS=10000, receiveBufferSize=0, sendBufferSize=0}, connectionPoolSettings=ConnectionPoolSettings{maxSize=100, minSize=0, maxWaitTimeMS=120000, maxConnectionLifeTimeMS=0, maxConnectionIdleTimeMS=0, maintenanceInitialDelayMS=0, maintenanceFrequencyMS=60000, connectionPoolListeners=[], maxConnecting=2}, serverSettings=ServerSettings{heartbeatFrequencyMS=10000, minHeartbeatFrequencyMS=500, serverListeners='[]', serverMonitorListeners='[]'}, sslSettings=SslSettings{enabled=false, invalidHostNameAllowed=false, context=null}, applicationName='null', compressorList=[], uuidRepresentation=JAVA_LEGACY, serverApi=null, autoEncryptionSettings=null, contextProvider=null}
2023-10-03T10:31:17.043+05:30  INFO 23808 --- [cluster-ClusterId{value='651ba01c4c8a24644e0d54c4', description='null'}-localhost:27017] org.mongodb.driver.cluster               : Monitor thread successfully connected to server with description ServerDescription{address=localhost:27017, type=STANDALONE, state=CONNECTED, ok=true, minWireVersion=0, maxWireVersion=21, maxDocumentSize=16777216, logicalSessionTimeoutMinutes=30, roundTripTimeNanos=25279100}
2023-10-03T10:31:17.561+05:30  INFO 23808 --- [main] o.s.b.a.w.s.WelcomePageHandlerMapping    : Adding welcome page: class path resource [static/index.html]
2023-10-03T10:31:17.765+05:30  INFO 23808 --- [main] o.s.b.w.embedded.tomcat.TomcatWebServer  : Tomcat started on port(s): 8080 (http) with context path '/products'
2023-10-03T10:31:17.776+05:30  INFO 23808 --- [main] com.example.demo.DemoApplication         : Started DemoApplication in 3.43 seconds (process running for 4.054)
2023-10-03T10:31:20.712+05:30  INFO 23808 --- [http-nio-8080-exec-2] o.a.c.c.C.[.[localhost].[/products]      : Initializing Spring DispatcherServlet 'dispatcherServlet'
2023-10-03T10:31:20.712+05:30  INFO 23808 --- [http-nio-8080-exec-2] o.s.web.servlet.DispatcherServlet        : Initializing Servlet 'dispatcherServlet'
2023-10-03T10:31:20.713+05:30  INFO 23808 --- [http-nio-8080-exec-2] o.s.web.servlet.DispatcherServlet        : Completed initialization in 0 ms
2023-10-03T10:31:20.972+05:30  INFO 23808 --- [http-nio-8080-exec-2] c.example.demo.service.ProductsService   : List of products with size 4 returned
2023-10-03T10:32:41.491+05:30  INFO 9272 --- [main] com.example.demo.DemoApplication         : Starting DemoApplication using Java 17.0.8.1 with PID 9272 (C:\Users\DevanshuVerma\Documents\BE\first demo\demo\target\classes started by DevanshuVerma in C:\Users\DevanshuVerma\Documents\BE\first demo)
2023-10-03T10:32:41.495+05:30  INFO 9272 --- [main] com.example.demo.DemoApplication         : No active profile set, falling back to 1 default profile: "default"
2023-10-03T10:32:42.710+05:30  INFO 9272 --- [main] .s.d.r.c.RepositoryConfigurationDelegate : Multiple Spring Data modules found, entering strict repository configuration mode
2023-10-03T10:32:42.713+05:30  INFO 9272 --- [main] .s.d.r.c.RepositoryConfigurationDelegate : Bootstrapping Spring Data MongoDB repositories in DEFAULT mode.
2023-10-03T10:32:42.770+05:30  INFO 9272 --- [main] .s.d.r.c.RepositoryConfigurationDelegate : Finished Spring Data repository scanning in 50 ms. Found 1 MongoDB repository interfaces.
2023-10-03T10:32:43.276+05:30  INFO 9272 --- [main] o.s.b.w.embedded.tomcat.TomcatWebServer  : Tomcat initialized with port(s): 8080 (http)
2023-10-03T10:32:43.288+05:30  INFO 9272 --- [main] o.apache.catalina.core.StandardService   : Starting service [Tomcat]
2023-10-03T10:32:43.288+05:30  INFO 9272 --- [main] o.apache.catalina.core.StandardEngine    : Starting Servlet engine: [Apache Tomcat/10.1.13]
2023-10-03T10:32:43.385+05:30  INFO 9272 --- [main] o.a.c.c.C.[.[localhost].[/products]      : Initializing Spring embedded WebApplicationContext
2023-10-03T10:32:43.386+05:30  INFO 9272 --- [main] w.s.c.ServletWebServerApplicationContext : Root WebApplicationContext: initialization completed in 1821 ms
2023-10-03T10:32:43.622+05:30  INFO 9272 --- [main] org.mongodb.driver.client                : MongoClient with metadata {"driver": {"name": "mongo-java-driver|sync|spring-boot", "version": "4.9.1"}, "os": {"type": "Windows", "name": "Windows 11", "architecture": "amd64", "version": "10.0"}, "platform": "Java/Amazon.com Inc./17.0.8.1+8-LTS"} created with settings MongoClientSettings{readPreference=primary, writeConcern=WriteConcern{w=null, wTimeout=null ms, journal=null}, retryWrites=true, retryReads=true, readConcern=ReadConcern{level=null}, credential=null, streamFactoryFactory=null, commandListeners=[], codecRegistry=ProvidersCodecRegistry{codecProviders=[ValueCodecProvider{}, BsonValueCodecProvider{}, DBRefCodecProvider{}, DBObjectCodecProvider{}, DocumentCodecProvider{}, CollectionCodecProvider{}, IterableCodecProvider{}, MapCodecProvider{}, GeoJsonCodecProvider{}, GridFSFileCodecProvider{}, Jsr310CodecProvider{}, JsonObjectCodecProvider{}, BsonCodecProvider{}, EnumCodecProvider{}, com.mongodb.client.model.mql.ExpressionCodecProvider@493ac8d3, com.mongodb.Jep395RecordCodecProvider@13dbed9e]}, loggerSettings=LoggerSettings{maxDocumentLength=1000}, clusterSettings={hosts=[localhost:27017], srvServiceName=mongodb, mode=SINGLE, requiredClusterType=UNKNOWN, requiredReplicaSetName='null', serverSelector='null', clusterListeners='[]', serverSelectionTimeout='30000 ms', localThreshold='30000 ms'}, socketSettings=SocketSettings{connectTimeoutMS=10000, readTimeoutMS=0, receiveBufferSize=0, sendBufferSize=0}, heartbeatSocketSettings=SocketSettings{connectTimeoutMS=10000, readTimeoutMS=10000, receiveBufferSize=0, sendBufferSize=0}, connectionPoolSettings=ConnectionPoolSettings{maxSize=100, minSize=0, maxWaitTimeMS=120000, maxConnectionLifeTimeMS=0, maxConnectionIdleTimeMS=0, maintenanceInitialDelayMS=0, maintenanceFrequencyMS=60000, connectionPoolListeners=[], maxConnecting=2}, serverSettings=ServerSettings{heartbeatFrequencyMS=10000, minHeartbeatFrequencyMS=500, serverListeners='[]', serverMonitorListeners='[]'}, sslSettings=SslSettings{enabled=false, invalidHostNameAllowed=false, context=null}, applicationName='null', compressorList=[], uuidRepresentation=JAVA_LEGACY, serverApi=null, autoEncryptionSettings=null, contextProvider=null}
2023-10-03T10:32:43.653+05:30  INFO 9272 --- [cluster-ClusterId{value='651ba073f0d00d0ae783a5a3', description='null'}-localhost:27017] org.mongodb.driver.cluster               : Monitor thread successfully connected to server with description ServerDescription{address=localhost:27017, type=STANDALONE, state=CONNECTED, ok=true, minWireVersion=0, maxWireVersion=21, maxDocumentSize=16777216, logicalSessionTimeoutMinutes=30, roundTripTimeNanos=28342000}
2023-10-03T10:32:44.197+05:30  INFO 9272 --- [main] o.s.b.a.w.s.WelcomePageHandlerMapping    : Adding welcome page: class path resource [static/index.html]
2023-10-03T10:32:44.376+05:30  INFO 9272 --- [main] o.s.b.w.embedded.tomcat.TomcatWebServer  : Tomcat started on port(s): 8080 (http) with context path '/products'
2023-10-03T10:32:44.384+05:30  INFO 9272 --- [main] com.example.demo.DemoApplication         : Started DemoApplication in 3.427 seconds (process running for 3.841)
2023-10-03T10:32:47.473+05:30  INFO 9272 --- [http-nio-8080-exec-2] o.a.c.c.C.[.[localhost].[/products]      : Initializing Spring DispatcherServlet 'dispatcherServlet'
2023-10-03T10:32:47.474+05:30  INFO 9272 --- [http-nio-8080-exec-2] o.s.web.servlet.DispatcherServlet        : Initializing Servlet 'dispatcherServlet'
2023-10-03T10:32:47.475+05:30  INFO 9272 --- [http-nio-8080-exec-2] o.s.web.servlet.DispatcherServlet        : Completed initialization in 1 ms
2023-10-03T10:32:47.813+05:30  INFO 9272 --- [http-nio-8080-exec-2] c.example.demo.service.ProductsService   : List of products with size 4 returned
2023-10-03T10:40:36.754+05:30  INFO 30760 --- [main] com.example.demo.DemoApplication         : Starting DemoApplication using Java 17.0.8.1 with PID 30760 (C:\Users\DevanshuVerma\Documents\BE\first demo\demo\target\classes started by DevanshuVerma in C:\Users\DevanshuVerma\Documents\BE\first demo)
2023-10-03T10:40:36.757+05:30  INFO 30760 --- [main] com.example.demo.DemoApplication         : No active profile set, falling back to 1 default profile: "default"
2023-10-03T10:40:37.495+05:30  INFO 30760 --- [main] .s.d.r.c.RepositoryConfigurationDelegate : Multiple Spring Data modules found, entering strict repository configuration mode
2023-10-03T10:40:37.497+05:30  INFO 30760 --- [main] .s.d.r.c.RepositoryConfigurationDelegate : Bootstrapping Spring Data MongoDB repositories in DEFAULT mode.
2023-10-03T10:40:37.562+05:30  INFO 30760 --- [main] .s.d.r.c.RepositoryConfigurationDelegate : Finished Spring Data repository scanning in 59 ms. Found 1 MongoDB repository interfaces.
2023-10-03T10:40:38.062+05:30  INFO 30760 --- [main] o.s.b.w.embedded.tomcat.TomcatWebServer  : Tomcat initialized with port(s): 8080 (http)
2023-10-03T10:40:38.070+05:30  INFO 30760 --- [main] o.apache.catalina.core.StandardService   : Starting service [Tomcat]
2023-10-03T10:40:38.070+05:30  INFO 30760 --- [main] o.apache.catalina.core.StandardEngine    : Starting Servlet engine: [Apache Tomcat/10.1.13]
2023-10-03T10:40:38.175+05:30  INFO 30760 --- [main] o.a.c.c.C.[.[localhost].[/products]      : Initializing Spring embedded WebApplicationContext
2023-10-03T10:40:38.176+05:30  INFO 30760 --- [main] w.s.c.ServletWebServerApplicationContext : Root WebApplicationContext: initialization completed in 1350 ms
2023-10-03T10:40:38.381+05:30  INFO 30760 --- [main] org.mongodb.driver.client                : MongoClient with metadata {"driver": {"name": "mongo-java-driver|sync|spring-boot", "version": "4.9.1"}, "os": {"type": "Windows", "name": "Windows 11", "architecture": "amd64", "version": "10.0"}, "platform": "Java/Amazon.com Inc./17.0.8.1+8-LTS"} created with settings MongoClientSettings{readPreference=primary, writeConcern=WriteConcern{w=null, wTimeout=null ms, journal=null}, retryWrites=true, retryReads=true, readConcern=ReadConcern{level=null}, credential=null, streamFactoryFactory=null, commandListeners=[], codecRegistry=ProvidersCodecRegistry{codecProviders=[ValueCodecProvider{}, BsonValueCodecProvider{}, DBRefCodecProvider{}, DBObjectCodecProvider{}, DocumentCodecProvider{}, CollectionCodecProvider{}, IterableCodecProvider{}, MapCodecProvider{}, GeoJsonCodecProvider{}, GridFSFileCodecProvider{}, Jsr310CodecProvider{}, JsonObjectCodecProvider{}, BsonCodecProvider{}, EnumCodecProvider{}, com.mongodb.client.model.mql.ExpressionCodecProvider@5562c2c9, com.mongodb.Jep395RecordCodecProvider@673c4f6e]}, loggerSettings=LoggerSettings{maxDocumentLength=1000}, clusterSettings={hosts=[localhost:27017], srvServiceName=mongodb, mode=SINGLE, requiredClusterType=UNKNOWN, requiredReplicaSetName='null', serverSelector='null', clusterListeners='[]', serverSelectionTimeout='30000 ms', localThreshold='30000 ms'}, socketSettings=SocketSettings{connectTimeoutMS=10000, readTimeoutMS=0, receiveBufferSize=0, sendBufferSize=0}, heartbeatSocketSettings=SocketSettings{connectTimeoutMS=10000, readTimeoutMS=10000, receiveBufferSize=0, sendBufferSize=0}, connectionPoolSettings=ConnectionPoolSettings{maxSize=100, minSize=0, maxWaitTimeMS=120000, maxConnectionLifeTimeMS=0, maxConnectionIdleTimeMS=0, maintenanceInitialDelayMS=0, maintenanceFrequencyMS=60000, connectionPoolListeners=[], maxConnecting=2}, serverSettings=ServerSettings{heartbeatFrequencyMS=10000, minHeartbeatFrequencyMS=500, serverListeners='[]', serverMonitorListeners='[]'}, sslSettings=SslSettings{enabled=false, invalidHostNameAllowed=false, context=null}, applicationName='null', compressorList=[], uuidRepresentation=JAVA_LEGACY, serverApi=null, autoEncryptionSettings=null, contextProvider=null}
2023-10-03T10:40:38.401+05:30  INFO 30760 --- [cluster-ClusterId{value='651ba24e61310a76377ec9b3', description='null'}-localhost:27017] org.mongodb.driver.cluster               : Monitor thread successfully connected to server with description ServerDescription{address=localhost:27017, type=STANDALONE, state=CONNECTED, ok=true, minWireVersion=0, maxWireVersion=21, maxDocumentSize=16777216, logicalSessionTimeoutMinutes=30, roundTripTimeNanos=17685600}
2023-10-03T10:40:38.908+05:30  INFO 30760 --- [main] o.s.b.a.w.s.WelcomePageHandlerMapping    : Adding welcome page: class path resource [static/index.html]
2023-10-03T10:40:39.079+05:30  INFO 30760 --- [main] o.s.b.w.embedded.tomcat.TomcatWebServer  : Tomcat started on port(s): 8080 (http) with context path '/products'
2023-10-03T10:40:39.088+05:30  INFO 30760 --- [main] com.example.demo.DemoApplication         : Started DemoApplication in 2.831 seconds (process running for 3.344)
2023-10-03T10:41:49.543+05:30  INFO 30760 --- [http-nio-8080-exec-2] o.a.c.c.C.[.[localhost].[/products]      : Initializing Spring DispatcherServlet 'dispatcherServlet'
2023-10-03T10:41:49.544+05:30  INFO 30760 --- [http-nio-8080-exec-2] o.s.web.servlet.DispatcherServlet        : Initializing Servlet 'dispatcherServlet'
2023-10-03T10:41:49.545+05:30  INFO 30760 --- [http-nio-8080-exec-2] o.s.web.servlet.DispatcherServlet        : Completed initialization in 0 ms
2023-10-03T10:41:49.878+05:30  INFO 30760 --- [http-nio-8080-exec-2] c.example.demo.service.ProductsService   : Product saved
2023-10-03T10:42:14.348+05:30 ERROR 30760 --- [http-nio-8080-exec-3] c.e.d.exception.GlobalExceptionHandler   : Invalid argument(s) exception encountered - Validation failed for argument [0] in public org.springframework.http.ResponseEntity<com.example.demo.model.Product> com.example.demo.controller.MainController.addProduct(com.example.demo.model.Product) with 2 errors: [Field error in object 'product' on field 'description': rejected value [null]; codes [NotBlank.product.description,NotBlank.description,NotBlank.java.lang.String,NotBlank]; arguments [org.springframework.context.support.DefaultMessageSourceResolvable: codes [product.description,description]; arguments []; default message [description]]; default message [Description may not be empty]] [Field error in object 'product' on field 'description': rejected value [null]; codes [NotNull.product.description,NotNull.description,NotNull.java.lang.String,NotNull]; arguments [org.springframework.context.support.DefaultMessageSourceResolvable: codes [product.description,description]; arguments []; default message [description]]; default message [Description may not be null]] 
2023-10-03T10:43:00.745+05:30  INFO 30760 --- [http-nio-8080-exec-5] c.example.demo.service.ProductsService   : Product saved
2023-10-03T10:43:51.226+05:30 ERROR 30760 --- [http-nio-8080-exec-6] c.example.demo.service.ProductsService   : {Description=Description cant be empty, Price=Price cant be empty or negative, Images=Images cant be empty, Quantity=Quantity cant be empty or negative}
2023-10-03T10:43:51.227+05:30 ERROR 30760 --- [http-nio-8080-exec-6] c.example.demo.service.ProductsService   : Invalid arguments while updating a product!
2023-10-03T10:43:51.229+05:30 ERROR 30760 --- [http-nio-8080-exec-6] c.e.d.exception.GlobalExceptionHandler   : Error encountered 409 CONFLICT with message Invalid arguments
2023-10-03T10:44:03.315+05:30 ERROR 30760 --- [http-nio-8080-exec-7] c.example.demo.service.ProductsService   : {Description=Description cant be empty, Price=Price cant be empty or negative, Images=Images cant be empty, Quantity=Quantity cant be empty or negative}
2023-10-03T10:44:03.316+05:30 ERROR 30760 --- [http-nio-8080-exec-7] c.example.demo.service.ProductsService   : Invalid arguments while updating a product!
2023-10-03T10:44:03.316+05:30 ERROR 30760 --- [http-nio-8080-exec-7] c.e.d.exception.GlobalExceptionHandler   : Error encountered 409 CONFLICT with message Invalid arguments
2023-10-03T10:45:01.501+05:30  INFO 27700 --- [main] com.example.demo.DemoApplication         : Starting DemoApplication using Java 17.0.8.1 with PID 27700 (C:\Users\DevanshuVerma\Documents\BE\first demo\demo\target\classes started by DevanshuVerma in C:\Users\DevanshuVerma\Documents\BE\first demo)
2023-10-03T10:45:01.505+05:30  INFO 27700 --- [main] com.example.demo.DemoApplication         : No active profile set, falling back to 1 default profile: "default"
2023-10-03T10:45:02.159+05:30  INFO 27700 --- [main] .s.d.r.c.RepositoryConfigurationDelegate : Multiple Spring Data modules found, entering strict repository configuration mode
2023-10-03T10:45:02.161+05:30  INFO 27700 --- [main] .s.d.r.c.RepositoryConfigurationDelegate : Bootstrapping Spring Data MongoDB repositories in DEFAULT mode.
2023-10-03T10:45:02.229+05:30  INFO 27700 --- [main] .s.d.r.c.RepositoryConfigurationDelegate : Finished Spring Data repository scanning in 62 ms. Found 1 MongoDB repository interfaces.
2023-10-03T10:45:02.802+05:30  INFO 27700 --- [main] o.s.b.w.embedded.tomcat.TomcatWebServer  : Tomcat initialized with port(s): 8080 (http)
2023-10-03T10:45:02.811+05:30  INFO 27700 --- [main] o.apache.catalina.core.StandardService   : Starting service [Tomcat]
2023-10-03T10:45:02.811+05:30  INFO 27700 --- [main] o.apache.catalina.core.StandardEngine    : Starting Servlet engine: [Apache Tomcat/10.1.13]
2023-10-03T10:45:02.909+05:30  INFO 27700 --- [main] o.a.c.c.C.[.[localhost].[/products]      : Initializing Spring embedded WebApplicationContext
2023-10-03T10:45:02.909+05:30  INFO 27700 --- [main] w.s.c.ServletWebServerApplicationContext : Root WebApplicationContext: initialization completed in 1346 ms
2023-10-03T10:45:03.124+05:30  INFO 27700 --- [main] org.mongodb.driver.client                : MongoClient with metadata {"driver": {"name": "mongo-java-driver|sync|spring-boot", "version": "4.9.1"}, "os": {"type": "Windows", "name": "Windows 11", "architecture": "amd64", "version": "10.0"}, "platform": "Java/Amazon.com Inc./17.0.8.1+8-LTS"} created with settings MongoClientSettings{readPreference=primary, writeConcern=WriteConcern{w=null, wTimeout=null ms, journal=null}, retryWrites=true, retryReads=true, readConcern=ReadConcern{level=null}, credential=null, streamFactoryFactory=null, commandListeners=[], codecRegistry=ProvidersCodecRegistry{codecProviders=[ValueCodecProvider{}, BsonValueCodecProvider{}, DBRefCodecProvider{}, DBObjectCodecProvider{}, DocumentCodecProvider{}, CollectionCodecProvider{}, IterableCodecProvider{}, MapCodecProvider{}, GeoJsonCodecProvider{}, GridFSFileCodecProvider{}, Jsr310CodecProvider{}, JsonObjectCodecProvider{}, BsonCodecProvider{}, EnumCodecProvider{}, com.mongodb.client.model.mql.ExpressionCodecProvider@673c4f6e, com.mongodb.Jep395RecordCodecProvider@15c487a8]}, loggerSettings=LoggerSettings{maxDocumentLength=1000}, clusterSettings={hosts=[localhost:27017], srvServiceName=mongodb, mode=SINGLE, requiredClusterType=UNKNOWN, requiredReplicaSetName='null', serverSelector='null', clusterListeners='[]', serverSelectionTimeout='30000 ms', localThreshold='30000 ms'}, socketSettings=SocketSettings{connectTimeoutMS=10000, readTimeoutMS=0, receiveBufferSize=0, sendBufferSize=0}, heartbeatSocketSettings=SocketSettings{connectTimeoutMS=10000, readTimeoutMS=10000, receiveBufferSize=0, sendBufferSize=0}, connectionPoolSettings=ConnectionPoolSettings{maxSize=100, minSize=0, maxWaitTimeMS=120000, maxConnectionLifeTimeMS=0, maxConnectionIdleTimeMS=0, maintenanceInitialDelayMS=0, maintenanceFrequencyMS=60000, connectionPoolListeners=[], maxConnecting=2}, serverSettings=ServerSettings{heartbeatFrequencyMS=10000, minHeartbeatFrequencyMS=500, serverListeners='[]', serverMonitorListeners='[]'}, sslSettings=SslSettings{enabled=false, invalidHostNameAllowed=false, context=null}, applicationName='null', compressorList=[], uuidRepresentation=JAVA_LEGACY, serverApi=null, autoEncryptionSettings=null, contextProvider=null}
2023-10-03T10:45:03.150+05:30  INFO 27700 --- [cluster-ClusterId{value='651ba357855c3152dc2eba6a', description='null'}-localhost:27017] org.mongodb.driver.cluster               : Monitor thread successfully connected to server with description ServerDescription{address=localhost:27017, type=STANDALONE, state=CONNECTED, ok=true, minWireVersion=0, maxWireVersion=21, maxDocumentSize=16777216, logicalSessionTimeoutMinutes=30, roundTripTimeNanos=22205200}
2023-10-03T10:45:03.643+05:30  INFO 27700 --- [main] o.s.b.a.w.s.WelcomePageHandlerMapping    : Adding welcome page: class path resource [static/index.html]
2023-10-03T10:45:03.815+05:30  INFO 27700 --- [main] o.s.b.w.embedded.tomcat.TomcatWebServer  : Tomcat started on port(s): 8080 (http) with context path '/products'
2023-10-03T10:45:03.822+05:30  INFO 27700 --- [main] com.example.demo.DemoApplication         : Started DemoApplication in 2.78 seconds (process running for 3.274)
2023-10-03T10:45:06.757+05:30  INFO 27700 --- [http-nio-8080-exec-2] o.a.c.c.C.[.[localhost].[/products]      : Initializing Spring DispatcherServlet 'dispatcherServlet'
2023-10-03T10:45:06.758+05:30  INFO 27700 --- [http-nio-8080-exec-2] o.s.web.servlet.DispatcherServlet        : Initializing Servlet 'dispatcherServlet'
2023-10-03T10:45:06.759+05:30  INFO 27700 --- [http-nio-8080-exec-2] o.s.web.servlet.DispatcherServlet        : Completed initialization in 0 ms
2023-10-03T10:45:07.014+05:30 ERROR 27700 --- [http-nio-8080-exec-2] c.example.demo.service.ProductsService   : {}
2023-10-03T10:45:07.054+05:30  INFO 27700 --- [http-nio-8080-exec-2] c.example.demo.service.ProductsService   : Product saved
2023-10-03T10:45:07.058+05:30  INFO 27700 --- [http-nio-8080-exec-2] c.example.demo.service.ProductsService   : Product with id 651ba2dc61310a76377ec9b5 updated
2023-10-03T10:45:37.463+05:30 ERROR 27700 --- [http-nio-8080-exec-3] c.example.demo.service.ProductsService   : {Price=Price cant be empty or negative}
2023-10-03T10:45:37.464+05:30 ERROR 27700 --- [http-nio-8080-exec-3] c.example.demo.service.ProductsService   : Invalid arguments while updating a product!
2023-10-03T10:45:37.467+05:30 ERROR 27700 --- [http-nio-8080-exec-3] c.e.d.exception.GlobalExceptionHandler   : Error encountered 409 CONFLICT with message Invalid arguments
2023-10-03T10:47:40.946+05:30 ERROR 27700 --- [http-nio-8080-exec-6] c.example.demo.service.ProductsService   : {Quantity=Quantity cant be empty or negative}
2023-10-03T10:47:40.948+05:30 ERROR 27700 --- [http-nio-8080-exec-6] c.example.demo.service.ProductsService   : Invalid arguments provided while saving a list of products
2023-10-03T10:47:40.949+05:30 ERROR 27700 --- [http-nio-8080-exec-6] c.e.d.exception.GlobalExceptionHandler   : Error encountered 409 CONFLICT with message Invalid arguments while saving/updating
2023-10-03T10:47:46.807+05:30 ERROR 27700 --- [http-nio-8080-exec-7] c.example.demo.service.ProductsService   : {}
2023-10-03T10:47:46.807+05:30 ERROR 27700 --- [http-nio-8080-exec-7] c.example.demo.service.ProductsService   : {Price=Price cant be empty or negative}
2023-10-03T10:47:46.807+05:30 ERROR 27700 --- [http-nio-8080-exec-7] c.example.demo.service.ProductsService   : Invalid arguments provided while saving a list of products
2023-10-03T10:47:46.807+05:30 ERROR 27700 --- [http-nio-8080-exec-7] c.e.d.exception.GlobalExceptionHandler   : Error encountered 409 CONFLICT with message Invalid arguments while saving/updating
2023-10-03T10:47:52.994+05:30 ERROR 27700 --- [http-nio-8080-exec-8] c.example.demo.service.ProductsService   : {}
2023-10-03T10:47:52.995+05:30 ERROR 27700 --- [http-nio-8080-exec-8] c.example.demo.service.ProductsService   : {}
2023-10-03T10:47:53.015+05:30  INFO 27700 --- [http-nio-8080-exec-8] c.example.demo.service.ProductsService   : Product list saved
2023-10-03T10:47:53.024+05:30  INFO 27700 --- [http-nio-8080-exec-8] c.example.demo.service.ProductsService   : List of products with size 8 returned
